# JRE version: OpenJDK Runtime Environment (21.0.5) (build 21.0.5+-13047016-b750.29)
# Java VM: OpenJDK 64-Bit Server VM (21.0.5+-13047016-b750.29, mixed mode, tiered, compressed oops, compressed class ptrs, g1 gc, windows-amd64)
GC Precious Log:
 CardTable entry size: 512
 Card Set container configuration: InlinePtr #cards 5 size 8 Array Of Cards #cards 12 size 40 Howl #buckets 4 coarsen threshold 1843 Howl Bitmap #cards 512 size 80 coarsen threshold 460 Card regions per heap region 1 cards per card region 2048
 CPUs: 16 total, 16 available
 Memory: 7541M
 Large Page Support: Disabled
 NUMA Support: Disabled
 Compressed Oops: Enabled (32-bit)
 Heap Region Size: 1M
 Heap Min Capacity: 8M
 Heap Initial Capacity: 118M
 Heap Max Capacity: 2G
 Pre-touch: Disabled
 Parallel Workers: 13
 Concurrent Workers: 3
 Concurrent Refinement Workers: 13
 Periodic GC: Disabled
Heap:
 garbage-first heap   total 106496K, used 71134K [0x0000000080000000, 0x0000000100000000)
  region size 1024K, 36 young (36864K), 7 survivors (7168K)
 Metaspace       used 72276K, committed 73984K, reserved 1114112K
  class space    used 9802K, committed 10688K, reserved 1048576K
GC Heap History (20 events):
Event: 2.010 GC heap before
{Heap before GC invocations=2 (full 0):
 garbage-first heap   total 120832K, used 59415K [0x0000000080000000, 0x0000000100000000)
  region size 1024K, 50 young (51200K), 5 survivors (5120K)
 Metaspace       used 12911K, committed 13120K, reserved 1114112K
  class space    used 1401K, committed 1536K, reserved 1048576K
}
Event: 2.017 GC heap after
{Heap after GC invocations=3 (full 0):
 garbage-first heap   total 120832K, used 17638K [0x0000000080000000, 0x0000000100000000)
  region size 1024K, 5 young (5120K), 5 survivors (5120K)
 Metaspace       used 12911K, committed 13120K, reserved 1114112K
  class space    used 1401K, committed 1536K, reserved 1048576K
}
Event: 2.859 GC heap before
{Heap before GC invocations=3 (full 0):
 garbage-first heap   total 120832K, used 44262K [0x0000000080000000, 0x0000000100000000)
  region size 1024K, 32 young (32768K), 5 survivors (5120K)
 Metaspace       used 21161K, committed 21504K, reserved 1114112K
  class space    used 2424K, committed 2624K, reserved 1048576K
}
Event: 2.864 GC heap after
{Heap after GC invocations=4 (full 0):
 garbage-first heap   total 120832K, used 20952K [0x0000000080000000, 0x0000000100000000)
  region size 1024K, 9 young (9216K), 9 survivors (9216K)
 Metaspace       used 21161K, committed 21504K, reserved 1114112K
  class space    used 2424K, committed 2624K, reserved 1048576K
}
Event: 3.880 GC heap before
{Heap before GC invocations=5 (full 0):
 garbage-first heap   total 75776K, used 74200K [0x0000000080000000, 0x0000000100000000)
  region size 1024K, 61 young (62464K), 9 survivors (9216K)
 Metaspace       used 29666K, committed 30336K, reserved 1114112K
  class space    used 3793K, committed 4096K, reserved 1048576K
}
Event: 3.888 GC heap after
{Heap after GC invocations=6 (full 0):
 garbage-first heap   total 88064K, used 24156K [0x0000000080000000, 0x0000000100000000)
  region size 1024K, 7 young (7168K), 7 survivors (7168K)
 Metaspace       used 29666K, committed 30336K, reserved 1114112K
  class space    used 3793K, committed 4096K, reserved 1048576K
}
Event: 4.513 GC heap before
{Heap before GC invocations=6 (full 0):
 garbage-first heap   total 88064K, used 64092K [0x0000000080000000, 0x0000000100000000)
  region size 1024K, 47 young (48128K), 7 survivors (7168K)
 Metaspace       used 35097K, committed 35968K, reserved 1114112K
  class space    used 4674K, committed 5120K, reserved 1048576K
}
Event: 4.519 GC heap after
{Heap after GC invocations=7 (full 0):
 garbage-first heap   total 88064K, used 26601K [0x0000000080000000, 0x0000000100000000)
  region size 1024K, 6 young (6144K), 6 survivors (6144K)
 Metaspace       used 35097K, committed 35968K, reserved 1114112K
  class space    used 4674K, committed 5120K, reserved 1048576K
}
Event: 4.564 GC heap before
{Heap before GC invocations=7 (full 0):
 garbage-first heap   total 88064K, used 28649K [0x0000000080000000, 0x0000000100000000)
  region size 1024K, 9 young (9216K), 6 survivors (6144K)
 Metaspace       used 35427K, committed 36288K, reserved 1114112K
  class space    used 4734K, committed 5184K, reserved 1048576K
}
Event: 4.569 GC heap after
{Heap after GC invocations=8 (full 0):
 garbage-first heap   total 88064K, used 26818K [0x0000000080000000, 0x0000000100000000)
  region size 1024K, 3 young (3072K), 3 survivors (3072K)
 Metaspace       used 35427K, committed 36288K, reserved 1114112K
  class space    used 4734K, committed 5184K, reserved 1048576K
}
Event: 5.402 GC heap before
{Heap before GC invocations=9 (full 0):
 garbage-first heap   total 88064K, used 74946K [0x0000000080000000, 0x0000000100000000)
  region size 1024K, 50 young (51200K), 3 survivors (3072K)
 Metaspace       used 43792K, committed 44992K, reserved 1114112K
  class space    used 5855K, committed 6464K, reserved 1048576K
}
Event: 5.407 GC heap after
{Heap after GC invocations=10 (full 0):
 garbage-first heap   total 106496K, used 30371K [0x0000000080000000, 0x0000000100000000)
  region size 1024K, 7 young (7168K), 7 survivors (7168K)
 Metaspace       used 43792K, committed 44992K, reserved 1114112K
  class space    used 5855K, committed 6464K, reserved 1048576K
}
Event: 5.803 GC heap before
{Heap before GC invocations=10 (full 0):
 garbage-first heap   total 106496K, used 85667K [0x0000000080000000, 0x0000000100000000)
  region size 1024K, 62 young (63488K), 7 survivors (7168K)
 Metaspace       used 46698K, committed 47872K, reserved 1114112K
  class space    used 6225K, committed 6784K, reserved 1048576K
}
Event: 5.808 GC heap after
{Heap after GC invocations=11 (full 0):
 garbage-first heap   total 106496K, used 33006K [0x0000000080000000, 0x0000000100000000)
  region size 1024K, 7 young (7168K), 7 survivors (7168K)
 Metaspace       used 46698K, committed 47872K, reserved 1114112K
  class space    used 6225K, committed 6784K, reserved 1048576K
}
Event: 6.812 GC heap before
{Heap before GC invocations=11 (full 0):
 garbage-first heap   total 106496K, used 90350K [0x0000000080000000, 0x0000000100000000)
  region size 1024K, 62 young (63488K), 7 survivors (7168K)
 Metaspace       used 54418K, committed 55872K, reserved 1114112K
  class space    used 7308K, committed 8064K, reserved 1048576K
}
Event: 6.818 GC heap after
{Heap after GC invocations=12 (full 0):
 garbage-first heap   total 106496K, used 36215K [0x0000000080000000, 0x0000000100000000)
  region size 1024K, 7 young (7168K), 7 survivors (7168K)
 Metaspace       used 54418K, committed 55872K, reserved 1114112K
  class space    used 7308K, committed 8064K, reserved 1048576K
}
Event: 7.516 GC heap before
{Heap before GC invocations=12 (full 0):
 garbage-first heap   total 106496K, used 67959K [0x0000000080000000, 0x0000000100000000)
  region size 1024K, 40 young (40960K), 7 survivors (7168K)
 Metaspace       used 59176K, committed 60608K, reserved 1114112K
  class space    used 7967K, committed 8704K, reserved 1048576K
}
Event: 7.522 GC heap after
{Heap after GC invocations=13 (full 0):
 garbage-first heap   total 106496K, used 37817K [0x0000000080000000, 0x0000000100000000)
  region size 1024K, 6 young (6144K), 6 survivors (6144K)
 Metaspace       used 59176K, committed 60608K, reserved 1114112K
  class space    used 7967K, committed 8704K, reserved 1048576K
}
Event: 9.112 GC heap before
{Heap before GC invocations=14 (full 0):
 garbage-first heap   total 106496K, used 92089K [0x0000000080000000, 0x0000000100000000)
  region size 1024K, 60 young (61440K), 6 survivors (6144K)
 Metaspace       used 67985K, committed 69632K, reserved 1114112K
  class space    used 9235K, committed 10048K, reserved 1048576K
}
Event: 9.119 GC heap after
{Heap after GC invocations=15 (full 0):
 garbage-first heap   total 106496K, used 42462K [0x0000000080000000, 0x0000000100000000)
  region size 1024K, 7 young (7168K), 7 survivors (7168K)
 Metaspace       used 67985K, committed 69632K, reserved 1114112K
  class space    used 9235K, committed 10048K, reserved 1048576K
}

